{
  "uid" : "53434216e03fcba6",
  "name" : "Simple failed test",
  "fullName" : "Buildin allure for spec in js:.Simple failed test",
  "historyId" : "9ae3df694221fc573ca3a86d56dc201a",
  "time" : {
    "start" : 1602557217905,
    "stop" : 1602557217930,
    "duration" : 25
  },
  "description" : "",
  "descriptionHtml" : "",
  "status" : "failed",
  "statusMessage" : "The expression evaluated to a falsy value:\n                \n                  assert(false)\n                ",
  "statusTrace" : "AssertionError [ERR_ASSERTION]: The expression evaluated to a falsy value:\n                \n                  assert(false)\n                \n                    at Dummy.failedStep (/home/runner/work/allure-javascript-codeceptjs/allure-javascript-codeceptjs/helpers/dummy.js:8:11)\n                    at Step.run (/home/runner/work/allure-javascript-codeceptjs/allure-javascript-codeceptjs/node_modules/codeceptjs/lib/step.js:70:47)\n                    at /home/runner/work/allure-javascript-codeceptjs/allure-javascript-codeceptjs/node_modules/codeceptjs/lib/actor.js:92:23",
  "flaky" : false,
  "newFailed" : false,
  "beforeStages" : [ ],
  "testStage" : {
    "status" : "failed",
    "statusMessage" : "The expression evaluated to a falsy value:\n                \n                  assert(false)\n                ",
    "statusTrace" : "AssertionError [ERR_ASSERTION]: The expression evaluated to a falsy value:\n                \n                  assert(false)\n                \n                    at Dummy.failedStep (/home/runner/work/allure-javascript-codeceptjs/allure-javascript-codeceptjs/helpers/dummy.js:8:11)\n                    at Step.run (/home/runner/work/allure-javascript-codeceptjs/allure-javascript-codeceptjs/node_modules/codeceptjs/lib/step.js:70:47)\n                    at /home/runner/work/allure-javascript-codeceptjs/allure-javascript-codeceptjs/node_modules/codeceptjs/lib/actor.js:92:23",
    "steps" : [ {
      "name" : "I passed step ",
      "time" : {
        "start" : 1602557217906,
        "stop" : 1602557217906,
        "duration" : 0
      },
      "status" : "passed",
      "steps" : [ ],
      "attachments" : [ ],
      "parameters" : [ ],
      "stepsCount" : 0,
      "attachmentsCount" : 0,
      "shouldDisplayMessage" : false,
      "hasContent" : false
    }, {
      "name" : "I failed step ",
      "time" : {
        "start" : 1602557217906,
        "stop" : 1602557217930,
        "duration" : 24
      },
      "status" : "failed",
      "statusMessage" : "AssertionError [ERR_ASSERTION]: The expression evaluated to a falsy value:\n                \n                  assert(false)\n                \n                    at Dummy.failedStep (/home/runner/work/allure-javascript-codeceptjs/allure-javascript-codeceptjs/helpers/dummy.js:8:11)\n                    at Step.run (/home/runner/work/allure-javascript-codeceptjs/allure-javascript-codeceptjs/node_modules/codeceptjs/lib/step.js:70:47)\n                    at /home/runner/work/allure-javascript-codeceptjs/allure-javascript-codeceptjs/node_modules/codeceptjs/lib/actor.js:92:23",
      "steps" : [ ],
      "attachments" : [ ],
      "parameters" : [ ],
      "stepsCount" : 0,
      "attachmentsCount" : 0,
      "shouldDisplayMessage" : true,
      "hasContent" : true
    } ],
    "attachments" : [ ],
    "parameters" : [ ],
    "stepsCount" : 2,
    "attachmentsCount" : 0,
    "shouldDisplayMessage" : true,
    "hasContent" : true
  },
  "afterStages" : [ ],
  "labels" : [ {
    "name" : "suite",
    "value" : "Buildin allure for spec in js:"
  }, {
    "name" : "testClass",
    "value" : "Buildin allure for spec in js:"
  }, {
    "name" : "testMethod",
    "value" : "Simple failed test"
  }, {
    "name" : "package",
    "value" : "Buildin allure for spec in js:"
  }, {
    "name" : "resultFormat",
    "value" : "allure1"
  } ],
  "parameters" : [ ],
  "links" : [ ],
  "hidden" : false,
  "retry" : false,
  "extra" : {
    "severity" : "normal",
    "retries" : [ ],
    "categories" : [ {
      "name" : "Product defects",
      "matchedStatuses" : [ ],
      "flaky" : false
    } ],
    "history" : {
      "statistic" : {
        "failed" : 2,
        "broken" : 0,
        "skipped" : 0,
        "passed" : 0,
        "unknown" : 0,
        "total" : 2
      },
      "items" : [ {
        "uid" : "2bb37e2fa2d9c192",
        "reportUrl" : "https://allure-examples.github.io/allure-js-codeceptjs/1//#testresult/2bb37e2fa2d9c192",
        "status" : "failed",
        "statusDetails" : "The expression evaluated to a falsy value:\n                \n                  assert(false)\n                ",
        "time" : {
          "start" : 1598595242807,
          "stop" : 1598595242844,
          "duration" : 37
        }
      } ]
    },
    "tags" : [ ]
  },
  "source" : "53434216e03fcba6.json",
  "parameterValues" : [ ]
}